<?xml version='1.0' encoding='UTF-8'?>
<testsuite hostname="YuyanoMacBook-Pro.local" name="malwaresimulator.MalwareSimulatorSupervisorTest" tests="1" errors="0" failures="1" skipped="0" time="0.075" timestamp="2021-06-09T16:36:10">
                     <properties>
[...]
</properties>
                     <testcase classname="malwaresimulator.MalwareSimulatorSupervisorTest" name="MalwareSimulatorSuperVisor actor must reply WholeNetwork for ShowNet" time="0.075">
                                                 <failure message="expected WholeNetwork(List(Network(0,network1,10.0.0.0,24,List(Node(1,node1,10.0.0.1,List(),UnknownFieldSet(Map())), Node(2,node2,10.0.0.2,List(),UnknownFieldSet(Map()))),UnknownFieldSet(Map()))),UnknownFieldSet(Map())), found WholeNetwork(List(Network(0,network1,10.0.0.0,24,List(Node(2,node2,10.0.0.2,List(),UnknownFieldSet(Map())), Node(1,node1,10.0.0.1,List(),UnknownFieldSet(Map()))),UnknownFieldSet(Map()))),UnknownFieldSet(Map()))" type="java.lang.AssertionError">java.lang.AssertionError: expected WholeNetwork(List(Network(0,network1,10.0.0.0,24,List(Node(1,node1,10.0.0.1,List(),UnknownFieldSet(Map())), Node(2,node2,10.0.0.2,List(),UnknownFieldSet(Map()))),UnknownFieldSet(Map()))),UnknownFieldSet(Map())), found WholeNetwork(List(Network(0,network1,10.0.0.0,24,List(Node(2,node2,10.0.0.2,List(),UnknownFieldSet(Map())), Node(1,node1,10.0.0.1,List(),UnknownFieldSet(Map()))),UnknownFieldSet(Map()))),UnknownFieldSet(Map()))
	at akka.actor.testkit.typed.internal.TestProbeImpl.assertFail(TestProbeImpl.scala:391)
	at akka.actor.testkit.typed.internal.TestProbeImpl.expectMessage_internal(TestProbeImpl.scala:169)
	at akka.actor.testkit.typed.internal.TestProbeImpl.expectMessage(TestProbeImpl.scala:148)
	at malwaresimulator.MalwareSimulatorSupervisorTest.$anonfun$new$2(MalwareSimulatorSupervisorTest.scala:29)
	at org.scalatest.OutcomeOf.outcomeOf(OutcomeOf.scala:85)
	at org.scalatest.OutcomeOf.outcomeOf$(OutcomeOf.scala:83)
	at org.scalatest.OutcomeOf$.outcomeOf(OutcomeOf.scala:104)
	at org.scalatest.Transformer.apply(Transformer.scala:22)
	at org.scalatest.Transformer.apply(Transformer.scala:20)
	at org.scalatest.wordspec.AnyWordSpecLike$$anon$3.apply(AnyWordSpecLike.scala:1076)
	at org.scalatest.TestSuite.withFixture(TestSuite.scala:196)
	at org.scalatest.TestSuite.withFixture$(TestSuite.scala:195)
	at akka.actor.testkit.typed.scaladsl.ScalaTestWithActorTestKit.withFixture(ScalaTestWithActorTestKit.scala:31)
	at org.scalatest.wordspec.AnyWordSpecLike.invokeWithFixture$1(AnyWordSpecLike.scala:1074)
	at org.scalatest.wordspec.AnyWordSpecLike.$anonfun$runTest$1(AnyWordSpecLike.scala:1086)
	at org.scalatest.SuperEngine.runTestImpl(Engine.scala:306)
	at org.scalatest.wordspec.AnyWordSpecLike.runTest(AnyWordSpecLike.scala:1086)
	at org.scalatest.wordspec.AnyWordSpecLike.runTest$(AnyWordSpecLike.scala:1068)
	at malwaresimulator.MalwareSimulatorSupervisorTest.runTest(MalwareSimulatorSupervisorTest.scala:6)
	at org.scalatest.wordspec.AnyWordSpecLike.$anonfun$runTests$1(AnyWordSpecLike.scala:1145)
	at org.scalatest.SuperEngine.$anonfun$runTestsInBranch$1(Engine.scala:413)
	at scala.collection.immutable.List.foreach(List.scala:305)
	at org.scalatest.SuperEngine.traverseSubNodes$1(Engine.scala:401)
	at org.scalatest.SuperEngine.runTestsInBranch(Engine.scala:390)
	at org.scalatest.SuperEngine.$anonfun$runTestsInBranch$1(Engine.scala:427)
	at scala.collection.immutable.List.foreach(List.scala:305)
	at org.scalatest.SuperEngine.traverseSubNodes$1(Engine.scala:401)
	at org.scalatest.SuperEngine.runTestsInBranch(Engine.scala:396)
	at org.scalatest.SuperEngine.runTestsImpl(Engine.scala:475)
	at org.scalatest.wordspec.AnyWordSpecLike.runTests(AnyWordSpecLike.scala:1145)
	at org.scalatest.wordspec.AnyWordSpecLike.runTests$(AnyWordSpecLike.scala:1144)
	at malwaresimulator.MalwareSimulatorSupervisorTest.runTests(MalwareSimulatorSupervisorTest.scala:6)
	at org.scalatest.Suite.run(Suite.scala:1112)
	at org.scalatest.Suite.run$(Suite.scala:1094)
	at akka.actor.testkit.typed.scaladsl.ScalaTestWithActorTestKit.org$scalatest$BeforeAndAfterAll$$super$run(ScalaTestWithActorTestKit.scala:31)
	at org.scalatest.BeforeAndAfterAll.liftedTree1$1(BeforeAndAfterAll.scala:213)
	at org.scalatest.BeforeAndAfterAll.run(BeforeAndAfterAll.scala:210)
	at org.scalatest.BeforeAndAfterAll.run$(BeforeAndAfterAll.scala:208)
	at malwaresimulator.MalwareSimulatorSupervisorTest.org$scalatest$wordspec$AnyWordSpecLike$$super$run(MalwareSimulatorSupervisorTest.scala:6)
	at org.scalatest.wordspec.AnyWordSpecLike.$anonfun$run$1(AnyWordSpecLike.scala:1190)
	at org.scalatest.SuperEngine.runImpl(Engine.scala:535)
	at org.scalatest.wordspec.AnyWordSpecLike.run(AnyWordSpecLike.scala:1190)
	at org.scalatest.wordspec.AnyWordSpecLike.run$(AnyWordSpecLike.scala:1188)
	at malwaresimulator.MalwareSimulatorSupervisorTest.run(MalwareSimulatorSupervisorTest.scala:6)
	at org.scalatest.tools.Framework.org$scalatest$tools$Framework$$runSuite(Framework.scala:318)
	at org.scalatest.tools.Framework$ScalaTestTask.execute(Framework.scala:513)
	at sbt.TestRunner.runTest$1(TestFramework.scala:139)
	at sbt.TestRunner.run(TestFramework.scala:154)
	at sbt.TestFramework$$anon$3$$anonfun$$lessinit$greater$1.$anonfun$apply$1(TestFramework.scala:317)
	at sbt.TestFramework$.sbt$TestFramework$$withContextLoader(TestFramework.scala:277)
	at sbt.TestFramework$$anon$3$$anonfun$$lessinit$greater$1.apply(TestFramework.scala:317)
	at sbt.TestFramework$$anon$3$$anonfun$$lessinit$greater$1.apply(TestFramework.scala:317)
	at sbt.TestFunction.apply(TestFramework.scala:329)
	at sbt.Tests$.$anonfun$toTask$1(Tests.scala:422)
	at sbt.std.Transform$$anon$3.$anonfun$apply$2(Transform.scala:46)
	at sbt.std.Transform$$anon$4.work(Transform.scala:68)
	at sbt.Execute.$anonfun$submit$2(Execute.scala:282)
	at sbt.internal.util.ErrorHandling$.wideConvert(ErrorHandling.scala:23)
	at sbt.Execute.work(Execute.scala:291)
	at sbt.Execute.$anonfun$submit$1(Execute.scala:282)
	at sbt.ConcurrentRestrictions$$anon$4.$anonfun$submitValid$1(ConcurrentRestrictions.scala:265)
	at sbt.CompletionService$$anon$2.call(CompletionService.scala:64)
	at java.base/java.util.concurrent.FutureTask.run(FutureTask.java:264)
	at java.base/java.util.concurrent.Executors$RunnableAdapter.call(Executors.java:515)
	at java.base/java.util.concurrent.FutureTask.run(FutureTask.java:264)
	at java.base/java.util.concurrent.ThreadPoolExecutor.runWorker(ThreadPoolExecutor.java:1130)
	at java.base/java.util.concurrent.ThreadPoolExecutor$Worker.run(ThreadPoolExecutor.java:630)
	at java.base/java.lang.Thread.run(Thread.java:832)
</failure>
                                               </testcase>
                     <system-out><![CDATA[]]></system-out>
                     <system-err><![CDATA[]]></system-err>
                   </testsuite>